<?xml version="1.0" encoding="UTF-8"?>
<testng-results ignored="0" total="1" passed="1" failed="0" skipped="0">
  <reporter-output>
  </reporter-output>
  <suite started-at="2025-02-21T23:43:28 IST" name="Default suite" finished-at="2025-02-21T23:43:36 IST" duration-ms="8287">
    <groups>
    </groups>
    <test started-at="2025-02-21T23:43:28 IST" name="Default test" finished-at="2025-02-21T23:43:36 IST" duration-ms="8287">
      <class name="test.factorail">
        <test-method signature="main()[pri:0, instance:test.factorail@682b2fa]" started-at="2025-02-21T23:43:28 IST" name="main" finished-at="2025-02-21T23:43:36 IST" duration-ms="8014" status="PASS">
          <reporter-output>
          </reporter-output>
        </test-method> <!-- main -->
      </class> <!-- test.factorail -->
    </test> <!-- Default test -->
  </suite> <!-- Default suite -->
</testng-results>
